{
  "RSpec": {
    "coverage": {
      "/Users/nigelsaid/workspace/makers/10.week10/bank_tech_test/spec/bank_account_spec.rb": [
        1,
        null,
        1,
        1,
        null,
        1,
        1,
        null,
        null,
        1,
        1,
        null,
        null,
        1,
        4,
        null,
        null
      ],
      "/Users/nigelsaid/workspace/makers/10.week10/bank_tech_test/lib/bank_account.rb": [
        null,
        1,
        1,
        null,
        1,
        1,
        null,
        null,
        1,
        1,
        null,
        null
      ]
    },
    "timestamp": 1497265341
  }
}
